TN:
SF:src\Pagination.tsx
FN:9,(anonymous_1)
FN:13,(anonymous_2)
FN:19,(anonymous_3)
FNF:3
FNH:3
FNDA:7,(anonymous_1)
FNDA:1,(anonymous_2)
FNDA:1,(anonymous_3)
DA:1,1
DA:9,1
DA:10,7
DA:13,1
DA:19,1
DA:27,1
LF:6
LH:6
BRF:0
BRH:0
end_of_record
TN:
SF:src\components\Card.tsx
FN:11,(anonymous_1)
FN:12,(anonymous_2)
FN:25,(anonymous_3)
FNF:3
FNH:3
FNDA:3,(anonymous_1)
FNDA:2,(anonymous_2)
FNDA:5,(anonymous_3)
DA:1,1
DA:2,1
DA:11,1
DA:12,3
DA:13,2
DA:14,2
DA:15,2
DA:17,1
DA:21,3
DA:25,5
DA:33,1
LF:11
LH:11
BRDA:25,0,0,5
BRDA:25,0,1,0
BRF:2
BRH:1
end_of_record
TN:
SF:src\components\CardList.tsx
FN:11,(anonymous_1)
FN:19,(anonymous_2)
FN:23,(anonymous_3)
FNF:3
FNH:3
FNDA:2,(anonymous_1)
FNDA:2,(anonymous_2)
FNDA:2,(anonymous_3)
DA:1,1
DA:2,1
DA:11,1
DA:12,2
DA:20,2
DA:23,2
DA:35,1
LF:7
LH:7
BRDA:14,0,0,1
BRDA:14,0,1,1
BRDA:23,1,0,2
BRDA:23,1,1,0
BRF:4
BRH:3
end_of_record
TN:
SF:src\components\ProfilePage.tsx
FN:8,(anonymous_6)
FN:13,(anonymous_7)
FN:15,(anonymous_8)
FN:21,(anonymous_9)
FN:25,(anonymous_10)
FN:28,(anonymous_11)
FNF:6
FNH:5
FNDA:3,(anonymous_6)
FNDA:2,(anonymous_7)
FNDA:2,(anonymous_8)
FNDA:2,(anonymous_9)
FNDA:0,(anonymous_10)
FNDA:2,(anonymous_11)
DA:1,1
DA:8,1
DA:9,3
DA:10,3
DA:11,3
DA:13,3
DA:14,2
DA:16,2
DA:17,0
DA:19,2
DA:22,2
DA:23,2
DA:26,0
DA:29,2
DA:33,3
DA:34,2
DA:37,1
DA:38,0
DA:41,1
DA:42,0
DA:45,1
DA:59,1
LF:22
LH:18
BRDA:16,0,0,0
BRDA:22,1,0,2
BRDA:22,1,1,0
BRDA:33,2,0,2
BRDA:37,3,0,0
BRDA:41,4,0,0
BRF:6
BRH:2
end_of_record
TN:
SF:src\components\SearchSection.tsx
FN:9,(anonymous_1)
FN:15,(anonymous_2)
FNF:2
FNH:2
FNDA:2,(anonymous_1)
FNDA:1,(anonymous_2)
DA:1,1
DA:9,1
DA:10,2
DA:15,1
DA:23,1
LF:5
LH:5
BRF:0
BRH:0
end_of_record
